{"uuid":"0aa3395d-fd13-47c4-aa02-9f584fac2e5c","historyId":"be8421e07bb4f169fe94fb6684ad3ec2","fullName":"others.test.GC01","labels":[{"name":"package","value":"others.test"},{"name":"testClass","value":"others.test"},{"name":"testMethod","value":"GC01"},{"name":"parentSuite","value":"Suite"},{"name":"suite","value":"Hassan"},{"name":"subSuite","value":"others.test"},{"name":"host","value":"hq-ollap-76"},{"name":"thread","value":"16896@hq-ollap-76.main(1)"},{"name":"framework","value":"testng"},{"name":"language","value":"java"}],"links":[],"name":"Open Google","status":"failed","statusDetails":{"known":false,"muted":false,"flaky":false,"message":"Navigate to new url failed \"https://www.raneen.com\".","trace":"java.lang.AssertionError: Navigate to new url failed \"https://www.raneen.com\".\r\n\tat org.testng.Assert.fail(Assert.java:98)\r\n\tat io.github.shafthq.shaft.gui.browser.BrowserActionsHelpers.failAction(BrowserActionsHelpers.java:62)\r\n\tat io.github.shafthq.shaft.gui.browser.BrowserActionsHelpers.failAction(BrowserActionsHelpers.java:55)\r\n\tat io.github.shafthq.shaft.gui.browser.BrowserActionsHelpers.navigateToNewURL(BrowserActionsHelpers.java:134)\r\n\tat com.shaft.gui.browser.BrowserActions.navigateToURL(BrowserActions.java:272)\r\n\tat com.shaft.gui.browser.BrowserActions.navigateToURL(BrowserActions.java:213)\r\n\tat io.github.shafthq.shaft.gui.browser.FluentBrowserActions.navigateToURL(FluentBrowserActions.java:134)\r\n\tat Shaftengine.Main.navigateHomePage(Main.java:15)\r\n\tat others.test.GC01(test.java:15)\r\n\tat java.base/jdk.internal.reflect.DirectMethodHandleAccessor.invoke(DirectMethodHandleAccessor.java:104)\r\n\tat java.base/java.lang.reflect.Method.invoke(Method.java:578)\r\n\tat org.testng.internal.invokers.MethodInvocationHelper.invokeMethod(MethodInvocationHelper.java:139)\r\n\tat org.testng.internal.invokers.TestInvoker.invokeMethod(TestInvoker.java:677)\r\n\tat org.testng.internal.invokers.TestInvoker.invokeTestMethod(TestInvoker.java:221)\r\n\tat org.testng.internal.invokers.MethodRunner.runInSequence(MethodRunner.java:50)\r\n\tat org.testng.internal.invokers.TestInvoker$MethodInvocationAgent.invoke(TestInvoker.java:969)\r\n\tat org.testng.internal.invokers.TestInvoker.invokeTestMethods(TestInvoker.java:194)\r\n\tat org.testng.internal.invokers.TestMethodWorker.invokeTestMethods(TestMethodWorker.java:148)\r\n\tat org.testng.internal.invokers.TestMethodWorker.run(TestMethodWorker.java:128)\r\n\tat java.base/java.util.ArrayList.forEach(ArrayList.java:1511)\r\n\tat org.testng.TestRunner.privateRun(TestRunner.java:829)\r\n\tat org.testng.TestRunner.run(TestRunner.java:602)\r\n\tat org.testng.SuiteRunner.runTest(SuiteRunner.java:437)\r\n\tat org.testng.SuiteRunner.runSequentially(SuiteRunner.java:431)\r\n\tat org.testng.SuiteRunner.privateRun(SuiteRunner.java:391)\r\n\tat org.testng.SuiteRunner.run(SuiteRunner.java:330)\r\n\tat org.testng.SuiteRunnerWorker.runSuite(SuiteRunnerWorker.java:52)\r\n\tat org.testng.SuiteRunnerWorker.run(SuiteRunnerWorker.java:95)\r\n\tat org.testng.TestNG.runSuitesSequentially(TestNG.java:1256)\r\n\tat org.testng.TestNG.runSuitesLocally(TestNG.java:1176)\r\n\tat org.testng.TestNG.runSuites(TestNG.java:1099)\r\n\tat org.testng.TestNG.run(TestNG.java:1067)\r\n\tat com.intellij.rt.testng.IDEARemoteTestNG.run(IDEARemoteTestNG.java:66)\r\n\tat com.intellij.rt.testng.RemoteTestNGStarter.main(RemoteTestNGStarter.java:109)\r\nCaused by: org.openqa.selenium.TimeoutException: timeout: Timed out receiving message from renderer: -0.011\n  (Session info: chrome=110.0.5481.177)\nBuild info: version: '4.8.1', revision: '8ebccac989'\nSystem info: os.name: 'Windows 11', os.arch: 'amd64', os.version: '10.0', java.version: '19.0.2'\nDriver info: org.openqa.selenium.chrome.ChromeDriver\nCommand: [34a36ae6ad5902f9a6f77d0ebc586782, get {url=https://www.raneen.com}]\nCapabilities {acceptInsecureCerts: true, browserName: chrome, browserVersion: 110.0.5481.177, chrome: {chromedriverVersion: 110.0.5481.77 (65ed616c6e8e..., userDataDir: C:\\Users\\hassa\\AppData\\Loca...}, goog:chromeOptions: {debuggerAddress: localhost:64176}, networkConnectionEnabled: false, pageLoadStrategy: eager, platformName: WINDOWS, proxy: Proxy(), se:cdp: ws://localhost:64176/devtoo..., se:cdpVersion: 110.0.5481.177, setWindowRect: true, strictFileInteractability: false, timeouts: {implicit: 0, pageLoad: 30000, script: 30000}, unhandledPromptBehavior: accept and notify, webauthn:extension:credBlob: true, webauthn:extension:largeBlob: true, webauthn:virtualAuthenticators: true}\nSession ID: 34a36ae6ad5902f9a6f77d0ebc586782\r\n\tat java.base/jdk.internal.reflect.DirectConstructorHandleAccessor.newInstance(DirectConstructorHandleAccessor.java:67)\r\n\tat java.base/java.lang.reflect.Constructor.newInstanceWithCaller(Constructor.java:500)\r\n\tat java.base/java.lang.reflect.Constructor.newInstance(Constructor.java:484)\r\n\tat org.openqa.selenium.remote.codec.w3c.W3CHttpResponseCodec.createException(W3CHttpResponseCodec.java:200)\r\n\tat org.openqa.selenium.remote.codec.w3c.W3CHttpResponseCodec.decode(W3CHttpResponseCodec.java:133)\r\n\tat org.openqa.selenium.remote.codec.w3c.W3CHttpResponseCodec.decode(W3CHttpResponseCodec.java:53)\r\n\tat org.openqa.selenium.remote.HttpCommandExecutor.execute(HttpCommandExecutor.java:184)\r\n\tat org.openqa.selenium.remote.service.DriverCommandExecutor.invokeExecute(DriverCommandExecutor.java:167)\r\n\tat org.openqa.selenium.remote.service.DriverCommandExecutor.execute(DriverCommandExecutor.java:142)\r\n\tat org.openqa.selenium.remote.RemoteWebDriver.execute(RemoteWebDriver.java:543)\r\n\tat org.openqa.selenium.remote.RemoteWebDriver.get(RemoteWebDriver.java:297)\r\n\tat org.openqa.selenium.remote.RemoteWebDriver$RemoteNavigation.to(RemoteWebDriver.java:983)\r\n\tat io.github.shafthq.shaft.gui.browser.BrowserActionsHelpers.navigateToNewURL(BrowserActionsHelpers.java:132)\r\n\t... 30 more\r\n"},"stage":"finished","steps":[{"name":"Successfully Opened: \"WINDOWS | Google chrome\".","status":"passed","stage":"finished","steps":[],"attachments":[],"parameters":[],"start":1677601694852,"stop":1677601694852},{"name":"Successfully Opened: \"WINDOWS | Google chrome\".","status":"passed","stage":"finished","steps":[],"attachments":[],"parameters":[],"start":1677601695542,"stop":1677601695542},{"name":"Navigate to new url failed \"https://www.raneen.com\".","status":"passed","stage":"finished","steps":[],"attachments":[{"name":"Browser Action Exception - Navigate to new url - Stacktrace","source":"4e5173f1-fb2c-4ccd-9c15-4a4db3a35b2c-attachment"},{"name":"Screenshot - 1677601725743_GC01_Navigate to new url_failed","source":"8787aa69-d8f7-430a-a862-dd25dc3e2c59-attachment.png","type":"image/png"}],"parameters":[{"name":"logText","value":"Navigate to new url failed \"https://www.raneen.com\"."},{"name":"attachments","value":"[[Browser Action Exception - Navigate to new url, Stacktrace, org.openqa.selenium.TimeoutException: timeout: Timed out receiving message from renderer: -0.011\n  (Session info: chrome=110.0.5481.177)\nBuild info: version: '4.8.1', revision: '8ebccac989'\nSystem info: os.name: 'Windows 11', os.arch: 'amd64', os.version: '10.0', java.version: '19.0.2'\nDriver info: org.openqa.selenium.chrome.ChromeDriver\nCommand: [34a36ae6ad5902f9a6f77d0ebc586782, get {url=https://www.raneen.com}]\nCapabilities {acceptInsecureCerts: true, browserName: chrome, browserVersion: 110.0.5481.177, chrome: {chromedriverVersion: 110.0.5481.77 (65ed616c6e8e..., userDataDir: C:\\Users\\hassa\\AppData\\Loca...}, goog:chromeOptions: {debuggerAddress: localhost:64176}, networkConnectionEnabled: false, pageLoadStrategy: eager, platformName: WINDOWS, proxy: Proxy(), se:cdp: ws://localhost:64176/devtoo..., se:cdpVersion: 110.0.5481.177, setWindowRect: true, strictFileInteractability: false, timeouts: {implicit: 0, pageLoad: 30000, script: 30000}, unhandledPromptBehavior: accept and notify, webauthn:extension:credBlob: true, webauthn:extension:largeBlob: true, webauthn:virtualAuthenticators: true}\nSession ID: 34a36ae6ad5902f9a6f77d0ebc586782\r\n java.base/jdk.internal.reflect.DirectConstructorHandleAccessor.newInstance(DirectConstructorHandleAccessor.java:67)\r\n java.base/java.lang.reflect.Constructor.newInstanceWithCaller(Constructor.java:500)\r\n java.base/java.lang.reflect.Constructor.newInstance(Constructor.java:484)\r\n org.openqa.selenium.remote.codec.w3c.W3CHttpResponseCodec.createException(W3CHttpResponseCodec.java:200)\r\n org.openqa.selenium.remote.codec.w3c.W3CHttpResponseCodec.decode(W3CHttpResponseCodec.java:133)\r\n org.openqa.selenium.remote.codec.w3c.W3CHttpResponseCodec.decode(W3CHttpResponseCodec.java:53)\r\n org.openqa.selenium.remote.HttpCommandExecutor.execute(HttpCommandExecutor.java:184)\r\n org.openqa.selenium.remote.service.DriverCommandExecutor.invokeExecute(DriverCommandExecutor.java:167)\r\n org.openqa.selenium.remote.service.DriverCommandExecutor.execute(DriverCommandExecutor.java:142)\r\n org.openqa.selenium.remote.RemoteWebDriver.execute(RemoteWebDriver.java:543)\r\n org.openqa.selenium.remote.RemoteWebDriver.get(RemoteWebDriver.java:297)\r\n org.openqa.selenium.remote.RemoteWebDriver$RemoteNavigation.to(RemoteWebDriver.java:983)\r\n io.github.shafthq.shaft.gui.browser.BrowserActionsHelpers.navigateToNewURL(BrowserActionsHelpers.java:132)\r\n com.shaft.gui.browser.BrowserActions.navigateToURL(BrowserActions.java:272)\r\n com.shaft.gui.browser.BrowserActions.navigateToURL(BrowserActions.java:213)\r\n io.github.shafthq.shaft.gui.browser.FluentBrowserActions.navigateToURL(FluentBrowserActions.java:134)\r\n Shaftengine.Main.navigateHomePage(Main.java:15)\r\n others.test.GC01(test.java:15)\r\n java.base/jdk.internal.reflect.DirectMethodHandleAccessor.invoke(DirectMethodHandleAccessor.java:104)\r\n java.base/java.lang.reflect.Method.invoke(Method.java:578)\r\n org.testng.internal.invokers.MethodInvocationHelper.invokeMethod(MethodInvocationHelper.java:139)\r\n org.testng.internal.invokers.TestInvoker.invokeMethod(TestInvoker.java:677)\r\n org.testng.internal.invokers.TestInvoker.invokeTestMethod(TestInvoker.java:221)\r\n org.testng.internal.invokers.MethodRunner.runInSequence(MethodRunner.java:50)\r\n org.testng.internal.invokers.TestInvoker$MethodInvocationAgent.invoke(TestInvoker.java:969)\r\n org.testng.internal.invokers.TestInvoker.invokeTestMethods(TestInvoker.java:194)\r\n org.testng.internal.invokers.TestMethodWorker.invokeTestMethods(TestMethodWorker.java:148)\r\n org.testng.internal.invokers.TestMethodWorker.run(TestMethodWorker.java:128)\r\n java.base/java.util.ArrayList.forEach(ArrayList.java:1511)\r\n org.testng.TestRunner.privateRun(TestRunner.java:829)\r\n org.testng.TestRunner.run(TestRunner.java:602)\r\n org.testng.SuiteRunner.runTest(SuiteRunner.java:437)\r\n org.testng.SuiteRunner.runSequentially(SuiteRunner.java:431)\r\n org.testng.SuiteRunner.privateRun(SuiteRunner.java:391)\r\n org.testng.SuiteRunner.run(SuiteRunner.java:330)\r\n org.testng.SuiteRunnerWorker.runSuite(SuiteRunnerWorker.java:52)\r\n org.testng.SuiteRunnerWorker.run(SuiteRunnerWorker.java:95)\r\n org.testng.TestNG.runSuitesSequentially(TestNG.java:1256)\r\n org.testng.TestNG.runSuitesLocally(TestNG.java:1176)\r\n org.testng.TestNG.runSuites(TestNG.java:1099)\r\n org.testng.TestNG.run(TestNG.java:1067)\r\n com.intellij.rt.testng.IDEARemoteTestNG.run(IDEARemoteTestNG.java:66)\r\n com.intellij.rt.testng.RemoteTestNGStarter.main(RemoteTestNGStarter.java:109)\r\n], [Screenshot, 1677601725743_GC01_Navigate to new url_failed, java.io.ByteArrayInputStream@5168f69d]]"}],"start":1677601726144,"stop":1677601726152}],"attachments":[{"name":"SHAFT Engine Logs - Current Method log: GC01","source":"cb0ee245-7c6e-4822-b3d6-5c21aa1c085b-attachment.txt","type":"text/plain"}],"parameters":[],"start":1677601694125,"stop":1677601726163}